<?xml version="1.0" encoding="UTF-8"?>
<testng-results skipped="0" failed="0" ignored="0" total="1" passed="1">
  <reporter-output>
  </reporter-output>
  <suite name="Default suite" duration-ms="72" started-at="2017-11-17T09:22:20Z" finished-at="2017-11-17T09:22:20Z">
    <groups>
    </groups>
    <test name="Default test" duration-ms="72" started-at="2017-11-17T09:22:20Z" finished-at="2017-11-17T09:22:20Z">
      <class name="com.kuldeep.seleniumTest.MavenTest.DbTesting">
        <test-method status="PASS" signature="getconnection()[pri:0, instance:com.kuldeep.seleniumTest.MavenTest.DbTesting@67b92f0a]" name="getconnection" is-config="true" duration-ms="38" started-at="2017-11-17T14:52:20Z" finished-at="2017-11-17T14:52:20Z">
          <reporter-output>
          </reporter-output>
        </test-method> <!-- getconnection -->
        <test-method status="PASS" signature="getdata()[pri:0, instance:com.kuldeep.seleniumTest.MavenTest.DbTesting@67b92f0a]" name="getdata" duration-ms="7" started-at="2017-11-17T14:52:20Z" finished-at="2017-11-17T14:52:20Z">
          <reporter-output>
          </reporter-output>
        </test-method> <!-- getdata -->
        <test-method status="PASS" signature="closeconnection()[pri:0, instance:com.kuldeep.seleniumTest.MavenTest.DbTesting@67b92f0a]" name="closeconnection" is-config="true" duration-ms="0" started-at="2017-11-17T14:52:20Z" finished-at="2017-11-17T14:52:20Z">
          <reporter-output>
          </reporter-output>
        </test-method> <!-- closeconnection -->
      </class> <!-- com.kuldeep.seleniumTest.MavenTest.DbTesting -->
    </test> <!-- Default test -->
  </suite> <!-- Default suite -->
</testng-results>
