<?xml version="1.0" encoding="UTF-8"?>
<testng-results skipped="0" failed="0" ignored="0" total="1" passed="1">
  <reporter-output>
  </reporter-output>
  <suite name="Default suite" duration-ms="15191" started-at="2017-11-17T09:53:26Z" finished-at="2017-11-17T09:53:41Z">
    <groups>
    </groups>
    <test name="Default test" duration-ms="15191" started-at="2017-11-17T09:53:26Z" finished-at="2017-11-17T09:53:41Z">
      <class name="testNG_practice.DatabaseTesting">
        <test-method status="PASS" signature="getconnection()[pri:0, instance:testNG_practice.DatabaseTesting@2a2d45ba]" name="getconnection" is-config="true" duration-ms="15149" started-at="2017-11-17T15:23:26Z" finished-at="2017-11-17T15:23:41Z">
          <reporter-output>
          </reporter-output>
        </test-method> <!-- getconnection -->
        <test-method status="PASS" signature="getdata()[pri:0, instance:testNG_practice.DatabaseTesting@2a2d45ba]" name="getdata" duration-ms="12" started-at="2017-11-17T15:23:41Z" finished-at="2017-11-17T15:23:41Z">
          <reporter-output>
          </reporter-output>
        </test-method> <!-- getdata -->
        <test-method status="PASS" signature="closeconnection()[pri:0, instance:testNG_practice.DatabaseTesting@2a2d45ba]" name="closeconnection" is-config="true" duration-ms="0" started-at="2017-11-17T15:23:41Z" finished-at="2017-11-17T15:23:41Z">
          <reporter-output>
          </reporter-output>
        </test-method> <!-- closeconnection -->
      </class> <!-- testNG_practice.DatabaseTesting -->
    </test> <!-- Default test -->
  </suite> <!-- Default suite -->
</testng-results>
